#
# There is insufficient memory for the Java Runtime Environment to continue.
# Native memory allocation (mmap) failed to map 528482304 bytes for G1 virtual space
# Possible reasons:
#   The system is out of physical RAM or swap space
#   The process is running with CompressedOops enabled, and the Java Heap may be blocking the growth of the native heap
# Possible solutions:
#   Reduce memory load on the system
#   Increase physical memory or swap space
#   Check if swap backing store is full
#   Decrease Java heap size (-Xmx/-Xms)
#   Decrease number of Java threads
#   Decrease Java thread stack sizes (-Xss)
#   Set larger code cache with -XX:ReservedCodeCacheSize=
#   JVM is running with Zero Based Compressed Oops mode in which the Java heap is
#     placed in the first 32GB address space. The Java Heap base address is the
#     maximum limit for the native heap growth. Please use -XX:HeapBaseMinAddress
#     to set the Java Heap base and to place the Java Heap above 32GB virtual address.
# This output file may be truncated or incomplete.
#
#  Out of Memory Error (os_windows.cpp:3769), pid=33224, tid=32632
#
# JRE version:  (17.0.6) (build )
# Java VM: OpenJDK 64-Bit Server VM (17.0.6+0-b2043.56-10027231, mixed mode, sharing, tiered, compressed oops, compressed class ptrs, g1 gc, windows-amd64)
# No core dump will be written. Minidumps are not enabled by default on client versions of Windows
#

---------------  S U M M A R Y ------------

Command Line: org.jetbrains.kotlin.cli.jvm.K2JVMCompiler @C:\Users\Apisi\AndroidStudioProjects\SF333\app\build\20230912_11960931021754491419.compiler.options

Host: AMD Ryzen 7 6800H with Radeon Graphics         , 16 cores, 31G,  Windows 11 , 64 bit Build 22621 (10.0.22621.2199)
Time: Tue Sep 12 14:11:14 2023 SE Asia Standard Time elapsed time: 0.006551 seconds (0d 0h 0m 0s)

---------------  T H R E A D  ---------------

Current thread (0x000001cdd126a820):  JavaThread "Unknown thread" [_thread_in_vm, id=32632, stack(0x0000002bf6800000,0x0000002bf6900000)]

Stack: [0x0000002bf6800000,0x0000002bf6900000]
Native frames: (J=compiled Java code, j=interpreted, Vv=VM code, C=native code)
V  [jvm.dll+0x683c9a]
V  [jvm.dll+0x8427a4]
V  [jvm.dll+0x843f9e]
V  [jvm.dll+0x844603]
V  [jvm.dll+0x249b75]
V  [jvm.dll+0x680b69]
V  [jvm.dll+0x67505a]
V  [jvm.dll+0x309acb]
V  [jvm.dll+0x310f86]
V  [jvm.dll+0x3608ee]
V  [jvm.dll+0x360b1f]
V  [jvm.dll+0x2dfbf8]
V  [jvm.dll+0x2e0b64]
V  [jvm.dll+0x814091]
V  [jvm.dll+0x36e6a1]
V  [jvm.dll+0x7f35cc]
V  [jvm.dll+0x3f0e8f]
V  [jvm.dll+0x3f29d1]
C  [jli.dll+0x526b]
C  [ucrtbase.dll+0x29363]
C  [KERNEL32.DLL+0x1257d]
C  [ntdll.dll+0x5aa78]


---------------  P R O C E S S  ---------------

Threads class SMR info:
_java_thread_list=0x00007ffa4b6ec058, length=0, elements={
}

Java Threads: ( => current thread )

Other Threads:
  0x000001cdd13171a0 GCTaskThread "GC Thread#0" [stack: 0x0000002bf6900000,0x0000002bf6a00000] [id=18824]
  0x000001cdd1327af0 ConcurrentGCThread "G1 Main Marker" [stack: 0x0000002bf6a00000,0x0000002bf6b00000] [id=10312]
  0x000001cdd1328ca0 ConcurrentGCThread "G1 Conc#0" [stack: 0x0000002bf6b00000,0x0000002bf6c00000] [id=18096]

[error occurred during error reporting (printing all threads), id 0xc0000005, EXCEPTION_ACCESS_VIOLATION (0xc0000005) at pc=0x00007ffa4aea0797]

VM state: not at safepoint (not fully initialized)

VM Mutex/Monitor currently owned by a thread:  ([mutex/lock_event])
[0x000001cdd1267000] Heap_lock - owner thread: 0x000001cdd126a820

Heap address: 0x000000060bc00000, size: 8004 MB, Compressed Oops mode: Zero based, Oop shift amount: 3

CDS archive(s) mapped at: [0x0000000000000000-0x0000000000000000-0x0000000000000000), size 0, SharedBaseAddress: 0x0000000800000000, ArchiveRelocationMode: 0.
Narrow klass base: 0x0000000000000000, Narrow klass shift: 0, Narrow klass range: 0x0

GC Precious Log:
<Empty>

Heap:
 garbage-first heap   total 0K, used 0K [0x000000060bc00000, 0x0000000800000000)
  region size 4096K, 0 young (0K), 0 survivors (0K)

[error occurred during error reporting (printing heap information), id 0xc0000005, EXCEPTION_ACCESS_VIOLATION (0xc0000005) at pc=0x00007ffa4b28da89]

GC Heap History (0 events):
No events

Dll operation events (1 events):
Event: 0.004 Loaded shared library D:\Program Files\Android\Android Studio\jbr\bin\java.dll

Deoptimization events (0 events):
No events

Classes unloaded (0 events):
No events

Classes redefined (0 events):
No events

Internal exceptions (0 events):
No events

VM Operations (0 events):
No events

Events (0 events):
No events


Dynamic libraries:
0x00007ff611a80000 - 0x00007ff611a8a000 	D:\Program Files\Android\Android Studio\jbr\bin\java.exe
0x00007ffaec770000 - 0x00007ffaec987000 	C:\WINDOWS\SYSTEM32\ntdll.dll
0x00007ffaeb2c0000 - 0x00007ffaeb384000 	C:\WINDOWS\System32\KERNEL32.DLL
0x00007ffaea000000 - 0x00007ffaea3a5000 	C:\WINDOWS\System32\KERNELBASE.dll
0x00007ffae9b90000 - 0x00007ffae9ca1000 	C:\WINDOWS\System32\ucrtbase.dll
0x00007ffa9dc50000 - 0x00007ffa9dc67000 	D:\Program Files\Android\Android Studio\jbr\bin\jli.dll
0x00007ffaea8e0000 - 0x00007ffaeaa8e000 	C:\WINDOWS\System32\USER32.dll
0x00007ffab0640000 - 0x00007ffab065b000 	D:\Program Files\Android\Android Studio\jbr\bin\VCRUNTIME140.dll
0x00007ffad4a70000 - 0x00007ffad4d03000 	C:\WINDOWS\WinSxS\amd64_microsoft.windows.common-controls_6595b64144ccf1df_6.0.22621.2191_none_2715cffb738043a6\COMCTL32.dll
0x00007ffae9fd0000 - 0x00007ffae9ff6000 	C:\WINDOWS\System32\win32u.dll
0x00007ffaec620000 - 0x00007ffaec6c7000 	C:\WINDOWS\System32\msvcrt.dll
0x00007ffaeb0c0000 - 0x00007ffaeb0e9000 	C:\WINDOWS\System32\GDI32.dll
0x00007ffaea3b0000 - 0x00007ffaea4c8000 	C:\WINDOWS\System32\gdi32full.dll
0x00007ffae9af0000 - 0x00007ffae9b8a000 	C:\WINDOWS\System32\msvcp_win.dll
0x00007ffaebc20000 - 0x00007ffaebc51000 	C:\WINDOWS\System32\IMM32.DLL
0x00007ffacfa50000 - 0x00007ffacfa5c000 	D:\Program Files\Android\Android Studio\jbr\bin\vcruntime140_1.dll
0x00007ffaa4930000 - 0x00007ffaa49bd000 	D:\Program Files\Android\Android Studio\jbr\bin\msvcp140.dll
0x00007ffa4abb0000 - 0x00007ffa4b81e000 	D:\Program Files\Android\Android Studio\jbr\bin\server\jvm.dll
0x00007ffaeb200000 - 0x00007ffaeb2b0000 	C:\WINDOWS\System32\ADVAPI32.dll
0x00007ffaeb0f0000 - 0x00007ffaeb196000 	C:\WINDOWS\System32\sechost.dll
0x00007ffaeaa90000 - 0x00007ffaeaba7000 	C:\WINDOWS\System32\RPCRT4.dll
0x00007ffae19b0000 - 0x00007ffae19e4000 	C:\WINDOWS\SYSTEM32\WINMM.dll
0x00007ffaca740000 - 0x00007ffaca749000 	C:\WINDOWS\SYSTEM32\WSOCK32.dll
0x00007ffae17f0000 - 0x00007ffae17fa000 	C:\WINDOWS\SYSTEM32\VERSION.dll
0x00007ffaebaf0000 - 0x00007ffaebb61000 	C:\WINDOWS\System32\WS2_32.dll
0x00007ffae8b30000 - 0x00007ffae8b48000 	C:\WINDOWS\SYSTEM32\kernel.appcore.dll
0x00007ffa54e40000 - 0x00007ffa54e4a000 	D:\Program Files\Android\Android Studio\jbr\bin\jimage.dll
0x00007ffae6e50000 - 0x00007ffae707e000 	C:\WINDOWS\SYSTEM32\DBGHELP.DLL
0x00007ffaea4d0000 - 0x00007ffaea85a000 	C:\WINDOWS\System32\combase.dll
0x00007ffaeb3d0000 - 0x00007ffaeb4a7000 	C:\WINDOWS\System32\OLEAUT32.dll
0x00007ffadeac0000 - 0x00007ffadeaf2000 	C:\WINDOWS\SYSTEM32\dbgcore.DLL
0x00007ffae9cb0000 - 0x00007ffae9d2a000 	C:\WINDOWS\System32\bcryptPrimitives.dll
0x00007ffa4bfe0000 - 0x00007ffa4c005000 	D:\Program Files\Android\Android Studio\jbr\bin\java.dll

dbghelp: loaded successfully - version: 4.0.5 - missing functions: none
symbol engine: initialized successfully - sym options: 0x614 - pdb path: .;D:\Program Files\Android\Android Studio\jbr\bin;C:\WINDOWS\SYSTEM32;C:\WINDOWS\WinSxS\amd64_microsoft.windows.common-controls_6595b64144ccf1df_6.0.22621.2191_none_2715cffb738043a6;D:\Program Files\Android\Android Studio\jbr\bin\server

VM Arguments:
java_command: org.jetbrains.kotlin.cli.jvm.K2JVMCompiler @C:\Users\Apisi\AndroidStudioProjects\SF333\app\build\20230912_11960931021754491419.compiler.options
java_class_path (initial): C:\Users\Apisi\.gradle\caches\modules-2\files-2.1\org.jetbrains.kotlin\kotlin-compiler-embeddable\1.8.10\b0757fd774344d54ce93f5ad6c30ba1c1731c8ff\kotlin-compiler-embeddable-1.8.10.jar;C:\Users\Apisi\.gradle\caches\modules-2\files-2.1\org.jetbrains.kotlin\kotlin-stdlib\1.8.10\6d5560a229477df9406943d5feda5618e98eb64c\kotlin-stdlib-1.8.10.jar;C:\Users\Apisi\.gradle\caches\modules-2\files-2.1\org.jetbrains.kotlin\kotlin-script-runtime\1.8.10\b13ea9c7e46d589139e56086a878763290e20bd5\kotlin-script-runtime-1.8.10.jar;C:\Users\Apisi\.gradle\caches\modules-2\files-2.1\org.jetbrains.kotlin\kotlin-reflect\1.6.10\1cbe9c92c12a94eea200d23c2bbaedaf3daf5132\kotlin-reflect-1.6.10.jar;C:\Users\Apisi\.gradle\caches\modules-2\files-2.1\org.jetbrains.kotlin\kotlin-daemon-embeddable\1.8.10\ad8541d9bc1cf9e52c3204161247910c2cf601d4\kotlin-daemon-embeddable-1.8.10.jar;C:\Users\Apisi\.gradle\caches\modules-2\files-2.1\org.jetbrains.intellij.deps\trove4j\1.0.20200330\3afb14d5f9ceb459d724e907a21145e8ff394f02\trove4j-1.0.20200330.jar;C:\Users\Apisi\.gradle\caches\modules-2\files-2.1\net.java.dev.jna\jna\5.6.0\330f2244e9030119ab3030fc3fededc86713d9cc\jna-5.6.0.jar;C:\Users\Apisi\.gradle\caches\modules-2\files-2.1\org.jetbrains.kotlin\kotlin-stdlib-common\1.8.10\a61b182458550492c12aee66157d7b524a63a5ec\kotlin-stdlib-common-1.8.10.jar;C:\Users\Apisi\.gradle\caches\modules-2\files-2.1\org.jetbrains\annotations\13.0\919f0dfe192fb4e063e7dacadee7f8bb9a2672a9\annotations-13.0.jar
Launcher Type: SUN_STANDARD

[Global flags]
     intx CICompilerCount                          = 12                                        {product} {ergonomic}
     uint ConcGCThreads                            = 3                                         {product} {ergonomic}
     uint G1ConcRefinementThreads                  = 13                                        {product} {ergonomic}
   size_t G1HeapRegionSize                         = 4194304                                   {product} {ergonomic}
    uintx GCDrainStackTargetSize                   = 64                                        {product} {ergonomic}
   size_t InitialHeapSize                          = 528482304                                 {product} {ergonomic}
   size_t MarkStackSize                            = 4194304                                   {product} {ergonomic}
   size_t MaxHeapSize                              = 8392802304                                {product} {ergonomic}
   size_t MinHeapDeltaBytes                        = 4194304                                   {product} {ergonomic}
   size_t MinHeapSize                              = 8388608                                   {product} {ergonomic}
    uintx NonNMethodCodeHeapSize                   = 7602480                                {pd product} {ergonomic}
    uintx NonProfiledCodeHeapSize                  = 122027880                              {pd product} {ergonomic}
    uintx ProfiledCodeHeapSize                     = 122027880                              {pd product} {ergonomic}
    uintx ReservedCodeCacheSize                    = 251658240                              {pd product} {ergonomic}
     bool SegmentedCodeCache                       = true                                      {product} {ergonomic}
   size_t SoftMaxHeapSize                          = 8392802304                             {manageable} {ergonomic}
     bool UseCompressedClassPointers               = true                           {product lp64_product} {ergonomic}
     bool UseCompressedOops                        = true                           {product lp64_product} {ergonomic}
     bool UseG1GC                                  = true                                      {product} {ergonomic}
     bool UseLargePagesIndividualAllocation        = false                                  {pd product} {ergonomic}

Logging:
Log output configuration:
 #0: stdout all=warning uptime,level,tags
 #1: stderr all=off uptime,level,tags

Environment Variables:
PATH=D:\Program Files\VMWare\VMWare Workstation\bin\;C:\Program Files\Common Files\Oracle\Java\javapath;C:\Program Files (x86)\Common Files\Intel\Shared Libraries\redist\intel64\compiler;C:\Program Files\Eclipse Adoptium\jdk-17.0.5.8-hotspot\bin;C:\Program Files (x86)\Common Files\Oracle\Java\javapath;C:\Windows\system32;C:\Windows;C:\Windows\System32\Wbem;C:\Windows\System32\WindowsPowerShell\v1.0\;C:\Windows\System32\OpenSSH\;C:\Program Files (x86)\NVIDIA Corporation\PhysX\Common;C:\Program Files\NVIDIA Corporation\NVIDIA NvDLISR;C:\WINDOWS\system32;C:\WINDOWS;C:\WINDOWS\System32\Wbem;C:\WINDOWS\System32\WindowsPowerShell\v1.0\;C:\WINDOWS\System32\OpenSSH\;C:\Program Files\nodejs\;C:\Program Files (x86)\dotnet\;C:\Program Files (x86)\Yarn\bin\;C:\Users\Apisi\anaconda3\msedgedriver.exe;C:\Users\Apisi\anaconda3\chromedriver.exe;C:\Program Files\Git\cmd;C:\Users\Apisi\AppData\Local\Programs\Python\Launcher\;C:\Users\Apisi\.console-ninja\.bin;C:\Users\Apisi\AppData\Local\Programs\Python\Python39\Scripts\;C:\Users\Apisi\AppData\Local\Programs\Python\Python39\;C:\Users\Apisi\AppData\Local\Programs\Python\Python311\Scripts\;C:\Users\Apisi\AppData\Local\Programs\Python\Python311\;C:\Users\Apisi\AppData\Local\Microsoft\WindowsApps;C:\Users\Apisi\AppData\Local\Programs\Microsoft VS Code\bin;C:\Users\Apisi\AppData\Local\GitHubDesktop\bin;C:\Users\Apisi\AppData\Roaming\npm;C:\src\flutter\bin;C:\Users\Apisi\AppData\Local\Android\Sdk\build-tools;C:\Users\Apisi\AppData\Local\Android\Sdk;C:\Users\Apisi\AppData\Local\Android\Sdk\platform-tools;C:\Program Files\Java\jdk-19\bin;C:\Program Files\Java\jre1.8.0_361\bin;C:\Users\Apisi\AppData\Local\Android\Sdk\platforms;C:\Users\Apisi\.gradle\wrapper\dists\gradle-7.4-all\aadb4xli5jkdsnukm30eibyiu\gradle-7.4\bin;C:\Users\Apisi\AppData\Local\Yarn\bin;C:\Users\Apisi\anaconda3\msedgedriver.exe;C:\Users\Apisi\anaconda3\chromedriver.exe;;C:\Program Files\JetBrains\PyCharm 2023.2\bin;
USERNAME=Apisi
OS=Windows_NT
PROCESSOR_IDENTIFIER=AMD64 Family 25 Model 68 Stepping 1, AuthenticAMD
TMP=C:\Users\Apisi\AppData\Local\Temp
TEMP=C:\Users\Apisi\AppData\Local\Temp


JNI global refs:

[error occurred during error reporting (JNI global references), id 0xc0000005, EXCEPTION_ACCESS_VIOLATION (0xc0000005) at pc=0x00007ffa4ac67a10]


---------------  S Y S T E M  ---------------

OS:
 Windows 11 , 64 bit Build 22621 (10.0.22621.2199)
OS uptime: 0 days 0:12 hours

CPU: total 16 (initial active 16) (16 cores per cpu, 2 threads per core) family 25 model 68 stepping 1 microcode 0x0, cx8, cmov, fxsr, ht, mmx, 3dnowpref, sse, sse2, sse3, ssse3, sse4a, sse4.1, sse4.2, popcnt, lzcnt, tsc, tscinvbit, avx, avx2, aes, erms, clmul, bmi1, bmi2, adx, sha, fma, vzeroupper, clflush, clflushopt

Memory: 4k page, system-wide physical 32012M (3442M free)
TotalPageFile size 34060M (AvailPageFile size 277M)
current process WorkingSet (physical memory assigned to process): 11M, peak: 11M
current process commit charge ("private bytes"): 70M, peak: 574M

vm_info: OpenJDK 64-Bit Server VM (17.0.6+0-b2043.56-10027231) for windows-amd64 JRE (17.0.6+0-b2043.56-10027231), built on Apr 28 2023 00:43:19 by "androidbuild" with MS VC++ 16.10 / 16.11 (VS2019)

END.
